c:\users\hxp\desktop\programming\nanjing\readimg\readimg-v39-点跟踪\readimg\x64\debug\readimg.pch
c:\users\hxp\desktop\programming\nanjing\readimg\readimg-v39-点跟踪\readimg\x64\debug\vc140.pdb
c:\users\hxp\desktop\programming\nanjing\readimg\readimg-v39-点跟踪\readimg\x64\debug\vc140.idb
c:\users\hxp\desktop\programming\nanjing\readimg\readimg-v39-点跟踪\readimg\x64\debug\stdafx.obj
c:\users\hxp\desktop\programming\nanjing\readimg\readimg-v39-点跟踪\readimg\x64\debug\abfilter.obj
c:\users\hxp\desktop\programming\nanjing\readimg\readimg-v39-点跟踪\readimg\x64\debug\abnormaldetection.obj
c:\users\hxp\desktop\programming\nanjing\readimg\readimg-v39-点跟踪\readimg\x64\debug\bodyfilter.obj
c:\users\hxp\desktop\programming\nanjing\readimg\readimg-v39-点跟踪\readimg\x64\debug\edgebackgroundmog.obj
c:\users\hxp\desktop\programming\nanjing\readimg\readimg-v39-点跟踪\readimg\x64\debug\edgebackgroundsub.obj
c:\users\hxp\desktop\programming\nanjing\readimg\readimg-v39-点跟踪\readimg\x64\debug\edgetracking.obj
c:\users\hxp\desktop\programming\nanjing\readimg\readimg-v39-点跟踪\readimg\x64\debug\head.obj
c:\users\hxp\desktop\programming\nanjing\readimg\readimg-v39-点跟踪\readimg\x64\debug\headdetection.obj
c:\users\hxp\desktop\programming\nanjing\readimg\readimg-v39-点跟踪\readimg\x64\debug\mycanny.obj
c:\users\hxp\desktop\programming\nanjing\readimg\readimg-v39-点跟踪\readimg\x64\debug\imagequalitydetection.obj
c:\users\hxp\desktop\programming\nanjing\readimg\readimg-v39-点跟踪\readimg\x64\debug\pedestriandetection.obj
c:\users\hxp\desktop\programming\nanjing\readimg\readimg-v39-点跟踪\readimg\x64\debug\readimg.obj
c:\users\hxp\desktop\programming\nanjing\readimg\readimg-v39-点跟踪\readimg\x64\debug\scrapdetection.obj
c:\users\hxp\desktop\programming\nanjing\readimg\readimg-v39-点跟踪\readimg\x64\debug\skeleton.obj
c:\users\hxp\desktop\programming\nanjing\readimg\readimg-v39-点跟踪\readimg\x64\debug\smokedetection.obj
c:\users\hxp\desktop\programming\nanjing\readimg\readimg-v39-点跟踪\readimg\x64\debug\waterdetection.obj
c:\users\hxp\desktop\programming\nanjing\readimg\readimg-v50-点跟踪\readimg\x64\debug\readimg.pch
c:\users\hxp\desktop\programming\nanjing\readimg\readimg-v50-点跟踪\readimg\x64\debug\vc140.pdb
c:\users\hxp\desktop\programming\nanjing\readimg\readimg-v50-点跟踪\readimg\x64\debug\vc140.idb
c:\users\hxp\desktop\programming\nanjing\readimg\readimg-v50-点跟踪\readimg\x64\debug\stdafx.obj
c:\users\hxp\desktop\programming\nanjing\readimg\readimg-v50-点跟踪\readimg\x64\debug\abfilter.obj
c:\users\hxp\desktop\programming\nanjing\readimg\readimg-v50-点跟踪\readimg\x64\debug\abnormaldetection.obj
c:\users\hxp\desktop\programming\nanjing\readimg\readimg-v50-点跟踪\readimg\x64\debug\bodyfilter.obj
c:\users\hxp\desktop\programming\nanjing\readimg\readimg-v50-点跟踪\readimg\x64\debug\edgebackgroundmog.obj
c:\users\hxp\desktop\programming\nanjing\readimg\readimg-v50-点跟踪\readimg\x64\debug\edgebackgroundsub.obj
c:\users\hxp\desktop\programming\nanjing\readimg\readimg-v50-点跟踪\readimg\x64\debug\edgetracking.obj
c:\users\hxp\desktop\programming\nanjing\readimg\readimg-v50-点跟踪\readimg\x64\debug\head.obj
c:\users\hxp\desktop\programming\nanjing\readimg\readimg-v50-点跟踪\readimg\x64\debug\headdetection.obj
c:\users\hxp\desktop\programming\nanjing\readimg\readimg-v50-点跟踪\readimg\x64\debug\mycanny.obj
c:\users\hxp\desktop\programming\nanjing\readimg\readimg-v50-点跟踪\readimg\x64\debug\imagequalitydetection.obj
c:\users\hxp\desktop\programming\nanjing\readimg\readimg-v50-点跟踪\readimg\x64\debug\pedestriandetection.obj
c:\users\hxp\desktop\programming\nanjing\readimg\readimg-v50-点跟踪\readimg\x64\debug\readimg.obj
c:\users\hxp\desktop\programming\nanjing\readimg\readimg-v50-点跟踪\readimg\x64\debug\scrapdetection.obj
c:\users\hxp\desktop\programming\nanjing\readimg\readimg-v50-点跟踪\readimg\x64\debug\skeleton.obj
c:\users\hxp\desktop\programming\nanjing\readimg\readimg-v50-点跟踪\readimg\x64\debug\smokedetection.obj
c:\users\hxp\desktop\programming\nanjing\readimg\readimg-v50-点跟踪\readimg\x64\debug\waterdetection.obj
e:\readimg-v51-点跟踪\readimg\x64\debug\readimg.pch
e:\readimg-v51-点跟踪\readimg\x64\debug\vc140.pdb
e:\readimg-v51-点跟踪\readimg\x64\debug\vc140.idb
e:\readimg-v51-点跟踪\readimg\x64\debug\stdafx.obj
e:\readimg-v51-点跟踪\readimg\x64\debug\abfilter.obj
c:\users\hxp\desktop\programming\nanjing\readimg\readimg-v39-点跟踪\x64\debug\readimg.ilk
c:\users\hxp\desktop\programming\nanjing\readimg\readimg-v39-点跟踪\x64\debug\readimg.exe
c:\users\hxp\desktop\programming\nanjing\readimg\readimg-v39-点跟踪\x64\debug\readimg.pdb
c:\users\hxp\desktop\programming\nanjing\readimg\readimg-v50-点跟踪\x64\debug\readimg.ilk
c:\users\hxp\desktop\programming\nanjing\readimg\readimg-v50-点跟踪\x64\debug\readimg.exe
c:\users\hxp\desktop\programming\nanjing\readimg\readimg-v50-点跟踪\x64\debug\readimg.pdb
d:\study\myproject\graduate\readimg-v51-点跟踪\readimg-v51-点跟踪\readimg\x64\debug\abfilter.obj
d:\study\myproject\graduate\readimg-v51-点跟踪\readimg-v51-点跟踪\readimg\x64\debug\stdafx.obj
d:\study\myproject\graduate\readimg-v51-点跟踪\readimg-v51-点跟踪\readimg\x64\debug\edgetracking.obj.enc
d:\study\myproject\graduate\readimg-v51-点跟踪\readimg-v51-点跟踪\readimg\x64\debug\pedestriandetection.obj.enc
d:\study\myproject\graduate\readimg-v51-点跟踪\readimg-v51-点跟踪\readimg\x64\debug\readimg.obj.enc
d:\study\myproject\graduate\readimg-v51-点跟踪\readimg-v51-点跟踪\readimg\x64\debug\readimg.pch
d:\study\myproject\graduate\readimg-v51-点跟踪\readimg-v51-点跟踪\readimg\x64\debug\vc140.idb
d:\study\myproject\graduate\readimg-v51-点跟踪\readimg-v51-点跟踪\readimg\x64\debug\vc140.pdb
d:\study\myproject\graduate\readimg-v51-点跟踪\readimg-v51-点跟踪\x64\debug\readimg.pdb
d:\study\myproject\graduate\readimg-v51-点跟踪\readimg-v51-点跟踪\x64\debug\readimg.exe
d:\study\myproject\graduate\readimg-v51-点跟踪\readimg-v51-点跟踪\x64\debug\readimg.ilk
d:\study\myproject\graduate\readimg-v51-点跟踪\readimg-v51-点跟踪\readimg\x64\debug\readimg.tlog\cl.command.1.tlog
d:\study\myproject\graduate\readimg-v51-点跟踪\readimg-v51-点跟踪\readimg\x64\debug\readimg.tlog\cl.read.1.tlog
d:\study\myproject\graduate\readimg-v51-点跟踪\readimg-v51-点跟踪\readimg\x64\debug\readimg.tlog\cl.write.1.tlog
d:\study\myproject\graduate\readimg-v51-点跟踪\readimg-v51-点跟踪\readimg\x64\debug\readimg.tlog\link.command.1.tlog
d:\study\myproject\graduate\readimg-v51-点跟踪\readimg-v51-点跟踪\readimg\x64\debug\readimg.tlog\link.read.1.tlog
d:\study\myproject\graduate\readimg-v51-点跟踪\readimg-v51-点跟踪\readimg\x64\debug\readimg.tlog\link.write.1.tlog
